<?xml version="1.0" encoding="UTF-8"?>
<!-- Generated by org.testng.reporters.JUnitXMLReporter -->
<testsuite hostname="DESKTOP-L29BKMN" failures="0" tests="18" name="Default test" time="597.703" errors="0" timestamp="9 Feb 2021 09:58:38 GMT">
  <testcase classname="Testrunner" name="" time="0.018"/>
  <testcase classname="Testrunner" name="" time="0.014"/>
  <testcase classname="Testrunner" name="" time="0.008"/>
  <testcase classname="Testrunner" name="" time="56.118"/>
  <testcase classname="Testrunner" name="" time="121.696"/>
  <testcase classname="Testrunner" name="" time="0.003"/>
  <testcase classname="Testrunner" name="" time="156.35"/>
  <testcase classname="Testrunner" name="" time="93.042"/>
  <testcase classname="Testrunner" name="" time="0.002"/>
  <testcase classname="Testrunner" name="" time="39.953"/>
  <testcase classname="Testrunner" name="" time="0.003"/>
  <testcase classname="Testrunner" name="" time="0.002"/>
  <testcase classname="Testrunner" name="" time="0.008"/>
  <testcase classname="Testrunner" name="" time="129.166"/>
  <testcase classname="Testrunner" name="" time="0.001"/>
  <testcase classname="Testrunner" name="" time="0.003"/>
  <testcase classname="Testrunner" name="" time="0.001"/>
  <testcase classname="Testrunner" name="" time="0.001"/>
</testsuite> <!-- Default test -->
